# This is the CMakeCache file.
# For build in directory: /Users/bennington2000super/Documents/5 семестр/Вычматы/labs/cmake-build-debug
# It was generated by CMake: /Applications/CLion.app/Contents/bin/cmake/mac/aarch64/bin/cmake
# You can edit this file to change values found and used by cmake.
# If you do not want to change any of the values, simply exit the editor.
# If you do want to change a value, simply edit, save, and exit the editor.
# The syntax for the file is as follows:
# KEY:TYPE=VALUE
# KEY is the name of a variable in the cache.
# TYPE is a hint to GUIs for the type of VALUE, DO NOT EDIT TYPE!.
# VALUE is the current value for the KEY.

########################
# EXTERNAL cache entries
########################

//Path to a file.
ADOLC_INCLUDES:PATH=ADOLC_INCLUDES-NOTFOUND

//Path to a library.
ADOLC_LIBRARIES:FILEPATH=ADOLC_LIBRARIES-NOTFOUND

//Builds the googlemock subproject
BUILD_GMOCK:BOOL=ON

//Build the testing tree.
BUILD_TESTING:BOOL=ON

//The directory containing a CMake configuration file for Boost.
Boost_DIR:PATH=Boost_DIR-NOTFOUND

//Path to a file.
Boost_INCLUDE_DIR:PATH=Boost_INCLUDE_DIR-NOTFOUND

//Path to a file.
CHOLMOD_INCLUDES:PATH=CHOLMOD_INCLUDES-NOTFOUND

//Path to a library.
CHOLMOD_LIBRARIES:FILEPATH=CHOLMOD_LIBRARIES-NOTFOUND

//clang-format executable
CLANG_FORMAT_EXECUTABLE:FILEPATH=/opt/homebrew/bin/clang-format

//The directory relative to CMAKE_INSTALL_PREFIX where Eigen3Config.cmake
// is installed
CMAKEPACKAGE_INSTALL_DIR:PATH=share/eigen3/cmake

//Path to a program.
CMAKE_ADDR2LINE:FILEPATH=CMAKE_ADDR2LINE-NOTFOUND

//Path to a program.
CMAKE_AR:FILEPATH=/usr/bin/ar

//Choose the type of build, options are: None Debug Release RelWithDebInfo
// MinSizeRel ...
CMAKE_BUILD_TYPE:STRING=Debug

//Enable colored diagnostics throughout.
CMAKE_COLOR_DIAGNOSTICS:BOOL=ON

//No help, variable specified on the command line.
CMAKE_CXX_COMPILER:UNINITIALIZED=/opt/homebrew/bin/g++-14

//A wrapper around 'ar' adding the appropriate '--plugin' option
// for the GCC compiler
CMAKE_CXX_COMPILER_AR:FILEPATH=/opt/homebrew/bin/gcc-ar-14

//A wrapper around 'ranlib' adding the appropriate '--plugin' option
// for the GCC compiler
CMAKE_CXX_COMPILER_RANLIB:FILEPATH=/opt/homebrew/bin/gcc-ranlib-14

//Flags used by the CXX compiler during all build types.
CMAKE_CXX_FLAGS:STRING=

//Flags used by the CXX compiler during DEBUG builds.
CMAKE_CXX_FLAGS_DEBUG:STRING=-g

//Flags used by the CXX compiler during MINSIZEREL builds.
CMAKE_CXX_FLAGS_MINSIZEREL:STRING=-Os -DNDEBUG

//Flags used by the CXX compiler during RELEASE builds.
CMAKE_CXX_FLAGS_RELEASE:STRING=-O3 -DNDEBUG

//Flags used by the CXX compiler during RELWITHDEBINFO builds.
CMAKE_CXX_FLAGS_RELWITHDEBINFO:STRING=-O2 -g -DNDEBUG

//No help, variable specified on the command line.
CMAKE_C_COMPILER:UNINITIALIZED=/opt/homebrew/bin/gcc-14

//A wrapper around 'ar' adding the appropriate '--plugin' option
// for the GCC compiler
CMAKE_C_COMPILER_AR:FILEPATH=/opt/homebrew/bin/gcc-ar-14

//A wrapper around 'ranlib' adding the appropriate '--plugin' option
// for the GCC compiler
CMAKE_C_COMPILER_RANLIB:FILEPATH=/opt/homebrew/bin/gcc-ranlib-14

//Flags used by the C compiler during all build types.
CMAKE_C_FLAGS:STRING=

//Flags used by the C compiler during DEBUG builds.
CMAKE_C_FLAGS_DEBUG:STRING=-g

//Flags used by the C compiler during MINSIZEREL builds.
CMAKE_C_FLAGS_MINSIZEREL:STRING=-Os -DNDEBUG

//Flags used by the C compiler during RELEASE builds.
CMAKE_C_FLAGS_RELEASE:STRING=-O3 -DNDEBUG

//Flags used by the C compiler during RELWITHDEBINFO builds.
CMAKE_C_FLAGS_RELWITHDEBINFO:STRING=-O2 -g -DNDEBUG

//Path to a program.
CMAKE_DLLTOOL:FILEPATH=CMAKE_DLLTOOL-NOTFOUND

//Flags used by the linker during all build types.
CMAKE_EXE_LINKER_FLAGS:STRING=

//Flags used by the linker during DEBUG builds.
CMAKE_EXE_LINKER_FLAGS_DEBUG:STRING=

//Flags used by the linker during MINSIZEREL builds.
CMAKE_EXE_LINKER_FLAGS_MINSIZEREL:STRING=

//Flags used by the linker during RELEASE builds.
CMAKE_EXE_LINKER_FLAGS_RELEASE:STRING=

//Flags used by the linker during RELWITHDEBINFO builds.
CMAKE_EXE_LINKER_FLAGS_RELWITHDEBINFO:STRING=

//Enable/Disable output of compile commands during generation.
CMAKE_EXPORT_COMPILE_COMMANDS:BOOL=

//Value Computed by CMake.
CMAKE_FIND_PACKAGE_REDIRECTS_DIR:STATIC=/Users/bennington2000super/Documents/5 семестр/Вычматы/labs/cmake-build-debug/CMakeFiles/pkgRedirects

//Fortran compiler
CMAKE_Fortran_COMPILER:STRING=/opt/homebrew/bin/gfortran

//A wrapper around 'ar' adding the appropriate '--plugin' option
// for the GCC compiler
CMAKE_Fortran_COMPILER_AR:FILEPATH=/opt/homebrew/bin/gcc-ar-14

//A wrapper around 'ranlib' adding the appropriate '--plugin' option
// for the GCC compiler
CMAKE_Fortran_COMPILER_RANLIB:FILEPATH=/opt/homebrew/bin/gcc-ranlib-14

//Flags used by the Fortran compiler during all build types.
CMAKE_Fortran_FLAGS:STRING=

//Flags used by the Fortran compiler during DEBUG builds.
CMAKE_Fortran_FLAGS_DEBUG:STRING=-g

//Flags used by the Fortran compiler during MINSIZEREL builds.
CMAKE_Fortran_FLAGS_MINSIZEREL:STRING=-Os -DNDEBUG -Os

//Flags used by the Fortran compiler during RELEASE builds.
CMAKE_Fortran_FLAGS_RELEASE:STRING=-O3 -DNDEBUG -O3

//Flags used by the Fortran compiler during RELWITHDEBINFO builds.
CMAKE_Fortran_FLAGS_RELWITHDEBINFO:STRING=-O2 -g -DNDEBUG

//User executables (bin)
CMAKE_INSTALL_BINDIR:PATH=bin

//Read-only architecture-independent data (DATAROOTDIR)
CMAKE_INSTALL_DATADIR:PATH=

//Read-only architecture-independent data root (share)
CMAKE_INSTALL_DATAROOTDIR:PATH=share

//Documentation root (DATAROOTDIR/doc/PROJECT_NAME)
CMAKE_INSTALL_DOCDIR:PATH=

//C header files (include)
CMAKE_INSTALL_INCLUDEDIR:PATH=include

//Info documentation (DATAROOTDIR/info)
CMAKE_INSTALL_INFODIR:PATH=

//Object code libraries (lib)
CMAKE_INSTALL_LIBDIR:PATH=lib

//Program executables (libexec)
CMAKE_INSTALL_LIBEXECDIR:PATH=libexec

//Locale-dependent data (DATAROOTDIR/locale)
CMAKE_INSTALL_LOCALEDIR:PATH=

//Modifiable single-machine data (var)
CMAKE_INSTALL_LOCALSTATEDIR:PATH=var

//Man documentation (DATAROOTDIR/man)
CMAKE_INSTALL_MANDIR:PATH=

//Path to a program.
CMAKE_INSTALL_NAME_TOOL:FILEPATH=/usr/bin/install_name_tool

//C header files for non-gcc (/usr/include)
CMAKE_INSTALL_OLDINCLUDEDIR:PATH=/usr/include

//Install path prefix, prepended onto install directories.
CMAKE_INSTALL_PREFIX:PATH=/usr/local

//Run-time variable data (LOCALSTATEDIR/run)
CMAKE_INSTALL_RUNSTATEDIR:PATH=

//System admin executables (sbin)
CMAKE_INSTALL_SBINDIR:PATH=sbin

//Modifiable architecture-independent data (com)
CMAKE_INSTALL_SHAREDSTATEDIR:PATH=com

//Read-only single-machine data (etc)
CMAKE_INSTALL_SYSCONFDIR:PATH=etc

//Path to a program.
CMAKE_LINKER:FILEPATH=/usr/bin/ld

//No help, variable specified on the command line.
CMAKE_MAKE_PROGRAM:UNINITIALIZED=/Applications/CLion.app/Contents/bin/ninja/mac/aarch64/ninja

//Flags used by the linker during the creation of modules during
// all build types.
CMAKE_MODULE_LINKER_FLAGS:STRING=

//Flags used by the linker during the creation of modules during
// DEBUG builds.
CMAKE_MODULE_LINKER_FLAGS_DEBUG:STRING=

//Flags used by the linker during the creation of modules during
// MINSIZEREL builds.
CMAKE_MODULE_LINKER_FLAGS_MINSIZEREL:STRING=

//Flags used by the linker during the creation of modules during
// RELEASE builds.
CMAKE_MODULE_LINKER_FLAGS_RELEASE:STRING=

//Flags used by the linker during the creation of modules during
// RELWITHDEBINFO builds.
CMAKE_MODULE_LINKER_FLAGS_RELWITHDEBINFO:STRING=

//Path to a program.
CMAKE_NM:FILEPATH=/usr/bin/nm

//Path to a program.
CMAKE_OBJCOPY:FILEPATH=CMAKE_OBJCOPY-NOTFOUND

//Path to a program.
CMAKE_OBJDUMP:FILEPATH=/usr/bin/objdump

//Build architectures for OSX
CMAKE_OSX_ARCHITECTURES:STRING=

//Minimum OS X version to target for deployment (at runtime); newer
// APIs weak linked. Set to empty string for default value.
CMAKE_OSX_DEPLOYMENT_TARGET:STRING=13.2

//The product will be built against the headers and libraries located
// inside the indicated SDK.
CMAKE_OSX_SYSROOT:PATH=/Applications/Xcode.app/Contents/Developer/Platforms/MacOSX.platform/Developer/SDKs/MacOSX13.3.sdk

//Value Computed by CMake
CMAKE_PROJECT_DESCRIPTION:STATIC=

//Value Computed by CMake
CMAKE_PROJECT_HOMEPAGE_URL:STATIC=

//Value Computed by CMake
CMAKE_PROJECT_NAME:STATIC=labs

//Value Computed by CMake
CMAKE_PROJECT_VERSION:STATIC=1.11.0

//Value Computed by CMake
CMAKE_PROJECT_VERSION_MAJOR:STATIC=1

//Value Computed by CMake
CMAKE_PROJECT_VERSION_MINOR:STATIC=11

//Value Computed by CMake
CMAKE_PROJECT_VERSION_PATCH:STATIC=0

//Value Computed by CMake
CMAKE_PROJECT_VERSION_TWEAK:STATIC=

//Path to a program.
CMAKE_RANLIB:FILEPATH=/usr/bin/ranlib

//Path to a program.
CMAKE_READELF:FILEPATH=CMAKE_READELF-NOTFOUND

//Flags used by the linker during the creation of shared libraries
// during all build types.
CMAKE_SHARED_LINKER_FLAGS:STRING=

//Flags used by the linker during the creation of shared libraries
// during DEBUG builds.
CMAKE_SHARED_LINKER_FLAGS_DEBUG:STRING=

//Flags used by the linker during the creation of shared libraries
// during MINSIZEREL builds.
CMAKE_SHARED_LINKER_FLAGS_MINSIZEREL:STRING=

//Flags used by the linker during the creation of shared libraries
// during RELEASE builds.
CMAKE_SHARED_LINKER_FLAGS_RELEASE:STRING=

//Flags used by the linker during the creation of shared libraries
// during RELWITHDEBINFO builds.
CMAKE_SHARED_LINKER_FLAGS_RELWITHDEBINFO:STRING=

//If set, runtime paths are not added when installing shared libraries,
// but are added when building.
CMAKE_SKIP_INSTALL_RPATH:BOOL=NO

//If set, runtime paths are not added when using shared libraries.
CMAKE_SKIP_RPATH:BOOL=NO

//Flags used by the linker during the creation of static libraries
// during all build types.
CMAKE_STATIC_LINKER_FLAGS:STRING=

//Flags used by the linker during the creation of static libraries
// during DEBUG builds.
CMAKE_STATIC_LINKER_FLAGS_DEBUG:STRING=

//Flags used by the linker during the creation of static libraries
// during MINSIZEREL builds.
CMAKE_STATIC_LINKER_FLAGS_MINSIZEREL:STRING=

//Flags used by the linker during the creation of static libraries
// during RELEASE builds.
CMAKE_STATIC_LINKER_FLAGS_RELEASE:STRING=

//Flags used by the linker during the creation of static libraries
// during RELWITHDEBINFO builds.
CMAKE_STATIC_LINKER_FLAGS_RELWITHDEBINFO:STRING=

//Path to a program.
CMAKE_STRIP:FILEPATH=/usr/bin/strip

//Path to a program.
CMAKE_TAPI:FILEPATH=/Applications/Xcode.app/Contents/Developer/Toolchains/XcodeDefault.xctoolchain/usr/bin/tapi

//If this value is on, makefiles will be generated without the
// .SILENT directive, and all commands will be echoed to the console
// during the make.  This is useful for debugging only. With Visual
// Studio IDE projects all commands are done without /nologo.
CMAKE_VERBOSE_MAKEFILE:BOOL=FALSE

//Test COMPILER_SUPPORT_std=cpp03
COMPILER_SUPPORT_std:UNINITIALIZED=cpp03:INTERNAL=1

//Path to the coverage program that CTest uses for performing coverage
// inspection
COVERAGE_COMMAND:FILEPATH=/usr/bin/gcov

//Extra command line flags to pass to the coverage tool
COVERAGE_EXTRA_FLAGS:STRING=-l

//How many times to retry timed-out CTest submissions.
CTEST_SUBMIT_RETRY_COUNT:STRING=3

//How long to wait between timed-out CTest submissions.
CTEST_SUBMIT_RETRY_DELAY:STRING=5

//Compile device code in 64 bit mode
CUDA_64_BIT_DEVICE_CODE:BOOL=ON

//Attach the build rule to the CUDA source file.  Enable only when
// the CUDA source file is added to at most one target.
CUDA_ATTACH_VS_BUILD_RULE_TO_CUDA_FILE:BOOL=ON

//Generate and parse .cubin files in Device mode.
CUDA_BUILD_CUBIN:BOOL=OFF

//Build in Emulation mode
CUDA_BUILD_EMULATION:BOOL=OFF

//"cudart" library
CUDA_CUDART_LIBRARY:FILEPATH=CUDA_CUDART_LIBRARY-NOTFOUND

//"cuda" library (older versions only).
CUDA_CUDA_LIBRARY:FILEPATH=CUDA_CUDA_LIBRARY-NOTFOUND

//Directory to put all the output files.  If blank it will default
// to the CMAKE_CURRENT_BINARY_DIR
CUDA_GENERATED_OUTPUT_DIR:PATH=

//Generated file extension
CUDA_HOST_COMPILATION_CPP:BOOL=ON

//Host side compiler used by NVCC
CUDA_HOST_COMPILER:FILEPATH=/opt/homebrew/bin/gcc-14

//Path to a program.
CUDA_NVCC_EXECUTABLE:FILEPATH=CUDA_NVCC_EXECUTABLE-NOTFOUND

//Semi-colon delimit multiple arguments. during all build types.
CUDA_NVCC_FLAGS:STRING=

//Semi-colon delimit multiple arguments. during DEBUG builds.
CUDA_NVCC_FLAGS_DEBUG:STRING=

//Semi-colon delimit multiple arguments. during MINSIZEREL builds.
CUDA_NVCC_FLAGS_MINSIZEREL:STRING=

//Semi-colon delimit multiple arguments. during RELEASE builds.
CUDA_NVCC_FLAGS_RELEASE:STRING=

//Semi-colon delimit multiple arguments. during RELWITHDEBINFO
// builds.
CUDA_NVCC_FLAGS_RELWITHDEBINFO:STRING=

//Propagate C/CXX_FLAGS and friends to the host compiler via -Xcompile
CUDA_PROPAGATE_HOST_FLAGS:BOOL=ON

//Path to a file.
CUDA_SDK_ROOT_DIR:PATH=CUDA_SDK_ROOT_DIR-NOTFOUND

//Compile CUDA objects with separable compilation enabled.  Requires
// CUDA 5.0+
CUDA_SEPARABLE_COMPILATION:BOOL=OFF

//Path to a file.
CUDA_TOOLKIT_INCLUDE:PATH=CUDA_TOOLKIT_INCLUDE-NOTFOUND

//Print out the commands run while compiling the CUDA source file.
//  With the Makefile generator this defaults to VERBOSE variable
// specified on the command line, but can be forced on with this
// option.
CUDA_VERBOSE_BUILD:BOOL=OFF

//"cublas" library
CUDA_cublas_LIBRARY:FILEPATH=CUDA_cublas_LIBRARY-NOTFOUND

//"cublasemu" library
CUDA_cublasemu_LIBRARY:FILEPATH=CUDA_cublasemu_LIBRARY-NOTFOUND

//"cufft" library
CUDA_cufft_LIBRARY:FILEPATH=CUDA_cufft_LIBRARY-NOTFOUND

//"cufftemu" library
CUDA_cufftemu_LIBRARY:FILEPATH=CUDA_cufftemu_LIBRARY-NOTFOUND

//Maximum time allowed before CTest will kill the test.
DART_TESTING_TIMEOUT:STRING=1500

//Toggles the building of the Eigen Blas library
EIGEN_BUILD_BLAS:BOOL=OFF

//Build benchmark suite
EIGEN_BUILD_BTL:BOOL=OFF

//Enables the creation of EigenConfig.cmake and related files
EIGEN_BUILD_CMAKE_PACKAGE:BOOL=ON

//Enable creation of Eigen documentation
EIGEN_BUILD_DOC:BOOL=OFF

//Toggles the building of the included Eigen LAPACK library
EIGEN_BUILD_LAPACK:BOOL=OFF

//Build pkg-config .pc file for Eigen
EIGEN_BUILD_PKGCONFIG:BOOL=ON

//Build sparse benchmark suite
EIGEN_BUILD_SPBENCH:BOOL=OFF

//Enable creation of Eigen tests.
EIGEN_BUILD_TESTING:BOOL=OFF

//Enable/disable gcov
EIGEN_COVERAGE_TESTING:BOOL=OFF

//Regular expression for build error messages to be filtered out
EIGEN_CTEST_ERROR_EXCEPTION:STRING=

//The CUDA compute architecture(s) to target when compiling CUDA
// code
EIGEN_CUDA_COMPUTE_ARCH:STRING=30

//Additional flags to pass to the cuda compiler.
EIGEN_CUDA_CXX_FLAGS:STRING=

//Target to be built in dashboard mode, default is buildtests
EIGEN_DASHBOARD_BUILD_TARGET:STRING=buildtests

//Enable advanced debugging of assertions
EIGEN_DEBUG_ASSERTS:BOOL=OFF

//Use row-major as default matrix storage order
EIGEN_DEFAULT_TO_ROW_MAJOR:BOOL=OFF

//OFF
EIGEN_ENABLE_LAPACK_TESTS:BOOL=OFF

//Disable checking of assertions using exceptions
EIGEN_NO_ASSERTION_CHECKING:BOOL=OFF

//Split large tests into smaller executables
EIGEN_SPLIT_LARGE_TESTS:BOOL=ON

//Use the triSYCL Sycl implementation (ComputeCPP by default).
EIGEN_SYCL_TRISYCL:BOOL=OFF

//Force generating 32bit code.
EIGEN_TEST_32BIT:BOOL=OFF

//Enable/Disable AltiVec in tests/examples
EIGEN_TEST_ALTIVEC:BOOL=OFF

//Enable/Disable AVX in tests/examples
EIGEN_TEST_AVX:BOOL=OFF

//Enable/Disable AVX2 in tests/examples
EIGEN_TEST_AVX2:BOOL=OFF

//Enable/Disable AVX512 in tests/examples
EIGEN_TEST_AVX512:BOOL=OFF

//Enable/Disable AVX512DQ in tests/examples
EIGEN_TEST_AVX512DQ:BOOL=OFF

//Enable/Disable AVX512-FP16 in tests/examples
EIGEN_TEST_AVX512FP16:BOOL=OFF

//Options passed to the build command of unit tests
EIGEN_TEST_BUILD_FLAGS:STRING=

//Enable CUDA support in unit tests
EIGEN_TEST_CUDA:BOOL=OFF

//Use clang instead of nvcc to compile the CUDA tests
EIGEN_TEST_CUDA_CLANG:BOOL=OFF

//Additional compiler flags when compiling unit tests.
EIGEN_TEST_CUSTOM_CXX_FLAGS:STRING=

//Additional linker flags when linking unit tests.
EIGEN_TEST_CUSTOM_LINKER_FLAGS:STRING=

//Enable testing with C++11 and C++11 features (e.g. Tensor module).
EIGEN_TEST_CXX11:BOOL=OFF

//Run whole Eigen2 test suite against EIGEN2_SUPPORT
EIGEN_TEST_EIGEN2:BOOL=OFF

//Use external BLAS library for testsuite
EIGEN_TEST_EXTERNAL_BLAS:BOOL=OFF

//Enable/Disable F16C in tests/examples
EIGEN_TEST_F16C:BOOL=OFF

//Enable/Disable FMA in tests/examples
EIGEN_TEST_FMA:BOOL=OFF

//Add HIP support.
EIGEN_TEST_HIP:BOOL=OFF

//Enable testing of realword sparse matrices contained in the specified
// path
EIGEN_TEST_MATRIX_DIR:STRING=

//Maximal matrix/vector size, default is 320
EIGEN_TEST_MAX_SIZE:STRING=320

//Enable/Disable MSA in tests/examples
EIGEN_TEST_MSA:BOOL=OFF

//Enable/Disable Neon in tests/examples
EIGEN_TEST_NEON:BOOL=OFF

//Enable/Disable Neon in tests/examples
EIGEN_TEST_NEON64:BOOL=OFF

//Disable Qt support in unit tests
EIGEN_TEST_NOQT:BOOL=OFF

//Disables C++ exceptions
EIGEN_TEST_NO_EXCEPTIONS:BOOL=OFF

//Disable explicit alignment (hence vectorization) in tests/examples
EIGEN_TEST_NO_EXPLICIT_ALIGNMENT:BOOL=OFF

//Disable explicit vectorization in tests/examples
EIGEN_TEST_NO_EXPLICIT_VECTORIZATION:BOOL=OFF

//Enable OpenGL support in unit tests
EIGEN_TEST_OPENGL:BOOL=OFF

//Enable/Disable OpenMP in tests/examples
EIGEN_TEST_OPENMP:BOOL=OFF

//Enable/Disable SSE2 in tests/examples
EIGEN_TEST_SSE2:BOOL=OFF

//Enable/Disable SSE3 in tests/examples
EIGEN_TEST_SSE3:BOOL=OFF

//Enable/Disable SSE4.1 in tests/examples
EIGEN_TEST_SSE4_1:BOOL=OFF

//Enable/Disable SSE4.2 in tests/examples
EIGEN_TEST_SSE4_2:BOOL=OFF

//Enable/Disable SSSE3 in tests/examples
EIGEN_TEST_SSSE3:BOOL=OFF

//Add Sycl support.
EIGEN_TEST_SYCL:BOOL=OFF

//Enable/Disable VSX in tests/examples
EIGEN_TEST_VSX:BOOL=OFF

//Force using X87 instructions. Implies no vectorization.
EIGEN_TEST_X87:BOOL=OFF

//Enable/Disable S390X(zEC13) ZVECTOR in tests/examples
EIGEN_TEST_Z13:BOOL=OFF

//Enable/Disable S390X(zEC14) ZVECTOR in tests/examples
EIGEN_TEST_Z14:BOOL=OFF

//Value Computed by CMake
Eigen3_BINARY_DIR:STATIC=/Users/bennington2000super/Documents/5 семестр/Вычматы/labs/cmake-build-debug/third_party/eigen

//Value Computed by CMake
Eigen3_IS_TOP_LEVEL:STATIC=OFF

//Value Computed by CMake
Eigen3_SOURCE_DIR:STATIC=/Users/bennington2000super/Documents/5 семестр/Вычматы/labs/third_party/eigen

//Value Computed by CMake
EigenBlas_BINARY_DIR:STATIC=/Users/bennington2000super/Documents/5 семестр/Вычматы/labs/cmake-build-debug/third_party/eigen/blas

//Value Computed by CMake
EigenBlas_IS_TOP_LEVEL:STATIC=OFF

//Value Computed by CMake
EigenBlas_SOURCE_DIR:STATIC=/Users/bennington2000super/Documents/5 семестр/Вычматы/labs/third_party/eigen/blas

//Value Computed by CMake
EigenDemos_BINARY_DIR:STATIC=/Users/bennington2000super/Documents/5 семестр/Вычматы/labs/cmake-build-debug/third_party/eigen/demos

//Value Computed by CMake
EigenDemos_IS_TOP_LEVEL:STATIC=OFF

//Value Computed by CMake
EigenDemos_SOURCE_DIR:STATIC=/Users/bennington2000super/Documents/5 семестр/Вычматы/labs/third_party/eigen/demos

//Value Computed by CMake
EigenLapack_BINARY_DIR:STATIC=/Users/bennington2000super/Documents/5 семестр/Вычматы/labs/cmake-build-debug/third_party/eigen/lapack

//Value Computed by CMake
EigenLapack_IS_TOP_LEVEL:STATIC=OFF

//Value Computed by CMake
EigenLapack_SOURCE_DIR:STATIC=/Users/bennington2000super/Documents/5 семестр/Вычматы/labs/third_party/eigen/lapack

//Path to a file.
GMP_INCLUDES:PATH=/opt/homebrew/include

//Path to a library.
GMP_LIBRARIES:FILEPATH=/opt/homebrew/lib/libgmp.dylib

//Path to a file.
GOOGLEHASH_INCLUDES:PATH=GOOGLEHASH_INCLUDES-NOTFOUND

//The directory containing a CMake configuration file for GTest.
GTest_DIR:PATH=/opt/homebrew/lib/cmake/GTest

//Installation directory of HWLOC library
HWLOC_DIR:PATH=

//The directory relative to CMAKE_INSTALL_PREFIX where Eigen header
// files are installed
INCLUDE_INSTALL_DIR:PATH=include/eigen3

//Enable installation of googletest. (Projects embedding googletest
// may want to turn this OFF.)
INSTALL_GTEST:BOOL=ON

//Path to a file.
KLU_INCLUDES:PATH=KLU_INCLUDES-NOTFOUND

//Path to a library.
KLU_LIBRARIES:FILEPATH=KLU_LIBRARIES-NOTFOUND

//Command to build the project
MAKECOMMAND:STRING=/Applications/CLion.app/Contents/bin/cmake/mac/aarch64/bin/cmake --build . --config "${CTEST_CONFIGURATION_TYPE}"

//Path to the memory checking command, used for memory error detection.
MEMORYCHECK_COMMAND:FILEPATH=MEMORYCHECK_COMMAND-NOTFOUND

//File that contains suppressions for the memory checker
MEMORYCHECK_SUPPRESSIONS_FILE:FILEPATH=

//Path to a file.
MPFR_INCLUDES:PATH=/opt/homebrew/include

//Path to a library.
MPFR_LIBRARIES:FILEPATH=/opt/homebrew/lib/libmpfr.dylib

//Path to a file.
MPREAL_INCLUDES:PATH=MPREAL_INCLUDES-NOTFOUND

//Installation directory of PASTIX library
PASTIX_DIR:PATH=

//Path to a library.
PASTIX_M_m_LIBRARY:FILEPATH=/Applications/Xcode.app/Contents/Developer/Platforms/MacOSX.platform/Developer/SDKs/MacOSX13.3.sdk/usr/lib/libm.tbd

//Path to a file.
PASTIX_pastix_nompi.h_INCLUDE_DIRS:PATH=PASTIX_pastix_nompi.h_INCLUDE_DIRS-NOTFOUND

//The directory relative to CMAKE_INSTALL_PREFIX where eigen3.pc
// is installed
PKGCONFIG_INSTALL_DIR:PATH=share/pkgconfig

//Arguments to supply to pkg-config
PKG_CONFIG_ARGN:STRING=

//pkg-config executable
PKG_CONFIG_EXECUTABLE:FILEPATH=PKG_CONFIG_EXECUTABLE-NOTFOUND

QT_QMAKE_EXECUTABLE:FILEPATH=/opt/homebrew/bin/qmake

//Path to a library.
RT_LIBRARY:FILEPATH=RT_LIBRARY-NOTFOUND

//Name of the computer/site where compile is being run
SITE:STRING=MacBook-Air-Kirill-2.local

//Path to a file.
SPQR_INCLUDES:PATH=SPQR_INCLUDES-NOTFOUND

//Path to a library.
SPQR_LIBRARIES:FILEPATH=SPQR_LIBRARIES-NOTFOUND

//Path to a file.
SUPERLU_INCLUDES:PATH=SUPERLU_INCLUDES-NOTFOUND

//Path to a library.
SUPERLU_LIBRARIES:FILEPATH=SUPERLU_LIBRARIES-NOTFOUND

//Path to a file.
UMFPACK_INCLUDES:PATH=UMFPACK_INCLUDES-NOTFOUND

//Path to a library.
UMFPACK_LIBRARIES:FILEPATH=UMFPACK_LIBRARIES-NOTFOUND

//No help, variable specified on the command line.
WITH_TESTS:UNINITIALIZED=ON

//Dependencies for the target
eigen_lapack_LIB_DEPENDS:STATIC=general;eigen_blas;

//Value Computed by CMake
gmock_BINARY_DIR:STATIC=/Users/bennington2000super/Documents/5 семестр/Вычматы/labs/cmake-build-debug/third_party/googletest/googlemock

//Value Computed by CMake
gmock_IS_TOP_LEVEL:STATIC=OFF

//Dependencies for the target
gmock_LIB_DEPENDS:STATIC=general;gtest;

//Value Computed by CMake
gmock_SOURCE_DIR:STATIC=/Users/bennington2000super/Documents/5 семестр/Вычматы/labs/third_party/googletest/googlemock

//Build all of Google Mock's own tests.
gmock_build_tests:BOOL=OFF

//Dependencies for the target
gmock_main_LIB_DEPENDS:STATIC=general;gmock;

//Value Computed by CMake
googletest-distribution_BINARY_DIR:STATIC=/Users/bennington2000super/Documents/5 семестр/Вычматы/labs/cmake-build-debug/third_party/googletest

//Value Computed by CMake
googletest-distribution_IS_TOP_LEVEL:STATIC=OFF

//Value Computed by CMake
googletest-distribution_SOURCE_DIR:STATIC=/Users/bennington2000super/Documents/5 семестр/Вычматы/labs/third_party/googletest

//Value Computed by CMake
gtest_BINARY_DIR:STATIC=/Users/bennington2000super/Documents/5 семестр/Вычматы/labs/cmake-build-debug/third_party/googletest/googletest

//Value Computed by CMake
gtest_IS_TOP_LEVEL:STATIC=OFF

//Value Computed by CMake
gtest_SOURCE_DIR:STATIC=/Users/bennington2000super/Documents/5 семестр/Вычматы/labs/third_party/googletest/googletest

//Build gtest's sample programs.
gtest_build_samples:BOOL=OFF

//Build all of gtest's own tests.
gtest_build_tests:BOOL=OFF

//Disable uses of pthreads in gtest.
gtest_disable_pthreads:BOOL=OFF

//Use shared (DLL) run-time lib even when Google Test is built
// as static lib.
gtest_force_shared_crt:BOOL=OFF

//Build gtest with internal symbols hidden in shared libraries.
gtest_hide_internal_symbols:BOOL=OFF

//Dependencies for the target
gtest_main_LIB_DEPENDS:STATIC=general;gtest;

//Value Computed by CMake
labs_BINARY_DIR:STATIC=/Users/bennington2000super/Documents/5 семестр/Вычматы/labs/cmake-build-debug

//Value Computed by CMake
labs_IS_TOP_LEVEL:STATIC=ON

//Value Computed by CMake
labs_SOURCE_DIR:STATIC=/Users/bennington2000super/Documents/5 семестр/Вычматы/labs


########################
# INTERNAL cache entries
########################

//ADVANCED property for variable: ADOLC_INCLUDES
ADOLC_INCLUDES-ADVANCED:INTERNAL=1
//ADVANCED property for variable: ADOLC_LIBRARIES
ADOLC_LIBRARIES-ADVANCED:INTERNAL=1
//ADVANCED property for variable: Boost_DIR
Boost_DIR-ADVANCED:INTERNAL=1
//ADVANCED property for variable: Boost_INCLUDE_DIR
Boost_INCLUDE_DIR-ADVANCED:INTERNAL=1
//ADVANCED property for variable: CHOLMOD_INCLUDES
CHOLMOD_INCLUDES-ADVANCED:INTERNAL=1
//ADVANCED property for variable: CHOLMOD_LIBRARIES
CHOLMOD_LIBRARIES-ADVANCED:INTERNAL=1
//ADVANCED property for variable: CLANG_FORMAT_EXECUTABLE
CLANG_FORMAT_EXECUTABLE-ADVANCED:INTERNAL=1
//ADVANCED property for variable: CMAKE_ADDR2LINE
CMAKE_ADDR2LINE-ADVANCED:INTERNAL=1
//ADVANCED property for variable: CMAKE_AR
CMAKE_AR-ADVANCED:INTERNAL=1
//This is the directory where this CMakeCache.txt was created
CMAKE_CACHEFILE_DIR:INTERNAL=/Users/bennington2000super/Documents/5 семестр/Вычматы/labs/cmake-build-debug
//Major version of cmake used to create the current loaded cache
CMAKE_CACHE_MAJOR_VERSION:INTERNAL=3
//Minor version of cmake used to create the current loaded cache
CMAKE_CACHE_MINOR_VERSION:INTERNAL=28
//Patch version of cmake used to create the current loaded cache
CMAKE_CACHE_PATCH_VERSION:INTERNAL=1
//Path to CMake executable.
CMAKE_COMMAND:INTERNAL=/Applications/CLion.app/Contents/bin/cmake/mac/aarch64/bin/cmake
//Path to cpack program executable.
CMAKE_CPACK_COMMAND:INTERNAL=/Applications/CLion.app/Contents/bin/cmake/mac/aarch64/bin/cpack
//ADVANCED property for variable: CMAKE_CTEST_COMMAND
CMAKE_CTEST_COMMAND-ADVANCED:INTERNAL=1
//Path to ctest program executable.
CMAKE_CTEST_COMMAND:INTERNAL=/Applications/CLion.app/Contents/bin/cmake/mac/aarch64/bin/ctest
//ADVANCED property for variable: CMAKE_CXX_COMPILER
CMAKE_CXX_COMPILER-ADVANCED:INTERNAL=1
//ADVANCED property for variable: CMAKE_CXX_COMPILER_AR
CMAKE_CXX_COMPILER_AR-ADVANCED:INTERNAL=1
//ADVANCED property for variable: CMAKE_CXX_COMPILER_RANLIB
CMAKE_CXX_COMPILER_RANLIB-ADVANCED:INTERNAL=1
//ADVANCED property for variable: CMAKE_CXX_FLAGS
CMAKE_CXX_FLAGS-ADVANCED:INTERNAL=1
//ADVANCED property for variable: CMAKE_CXX_FLAGS_DEBUG
CMAKE_CXX_FLAGS_DEBUG-ADVANCED:INTERNAL=1
//ADVANCED property for variable: CMAKE_CXX_FLAGS_MINSIZEREL
CMAKE_CXX_FLAGS_MINSIZEREL-ADVANCED:INTERNAL=1
//ADVANCED property for variable: CMAKE_CXX_FLAGS_RELEASE
CMAKE_CXX_FLAGS_RELEASE-ADVANCED:INTERNAL=1
//ADVANCED property for variable: CMAKE_CXX_FLAGS_RELWITHDEBINFO
CMAKE_CXX_FLAGS_RELWITHDEBINFO-ADVANCED:INTERNAL=1
//ADVANCED property for variable: CMAKE_C_COMPILER
CMAKE_C_COMPILER-ADVANCED:INTERNAL=1
//ADVANCED property for variable: CMAKE_C_COMPILER_AR
CMAKE_C_COMPILER_AR-ADVANCED:INTERNAL=1
//ADVANCED property for variable: CMAKE_C_COMPILER_RANLIB
CMAKE_C_COMPILER_RANLIB-ADVANCED:INTERNAL=1
//ADVANCED property for variable: CMAKE_C_FLAGS
CMAKE_C_FLAGS-ADVANCED:INTERNAL=1
//ADVANCED property for variable: CMAKE_C_FLAGS_DEBUG
CMAKE_C_FLAGS_DEBUG-ADVANCED:INTERNAL=1
//ADVANCED property for variable: CMAKE_C_FLAGS_MINSIZEREL
CMAKE_C_FLAGS_MINSIZEREL-ADVANCED:INTERNAL=1
//ADVANCED property for variable: CMAKE_C_FLAGS_RELEASE
CMAKE_C_FLAGS_RELEASE-ADVANCED:INTERNAL=1
//ADVANCED property for variable: CMAKE_C_FLAGS_RELWITHDEBINFO
CMAKE_C_FLAGS_RELWITHDEBINFO-ADVANCED:INTERNAL=1
//ADVANCED property for variable: CMAKE_DLLTOOL
CMAKE_DLLTOOL-ADVANCED:INTERNAL=1
//Executable file format
CMAKE_EXECUTABLE_FORMAT:INTERNAL=MACHO
//ADVANCED property for variable: CMAKE_EXE_LINKER_FLAGS
CMAKE_EXE_LINKER_FLAGS-ADVANCED:INTERNAL=1
//ADVANCED property for variable: CMAKE_EXE_LINKER_FLAGS_DEBUG
CMAKE_EXE_LINKER_FLAGS_DEBUG-ADVANCED:INTERNAL=1
//ADVANCED property for variable: CMAKE_EXE_LINKER_FLAGS_MINSIZEREL
CMAKE_EXE_LINKER_FLAGS_MINSIZEREL-ADVANCED:INTERNAL=1
//ADVANCED property for variable: CMAKE_EXE_LINKER_FLAGS_RELEASE
CMAKE_EXE_LINKER_FLAGS_RELEASE-ADVANCED:INTERNAL=1
//ADVANCED property for variable: CMAKE_EXE_LINKER_FLAGS_RELWITHDEBINFO
CMAKE_EXE_LINKER_FLAGS_RELWITHDEBINFO-ADVANCED:INTERNAL=1
//ADVANCED property for variable: CMAKE_EXPORT_COMPILE_COMMANDS
CMAKE_EXPORT_COMPILE_COMMANDS-ADVANCED:INTERNAL=1
//Name of external makefile project generator.
CMAKE_EXTRA_GENERATOR:INTERNAL=
//ADVANCED property for variable: CMAKE_Fortran_COMPILER
CMAKE_Fortran_COMPILER-ADVANCED:INTERNAL=1
//ADVANCED property for variable: CMAKE_Fortran_COMPILER_AR
CMAKE_Fortran_COMPILER_AR-ADVANCED:INTERNAL=1
//ADVANCED property for variable: CMAKE_Fortran_COMPILER_RANLIB
CMAKE_Fortran_COMPILER_RANLIB-ADVANCED:INTERNAL=1
//ADVANCED property for variable: CMAKE_Fortran_FLAGS
CMAKE_Fortran_FLAGS-ADVANCED:INTERNAL=1
//ADVANCED property for variable: CMAKE_Fortran_FLAGS_DEBUG
CMAKE_Fortran_FLAGS_DEBUG-ADVANCED:INTERNAL=1
//ADVANCED property for variable: CMAKE_Fortran_FLAGS_MINSIZEREL
CMAKE_Fortran_FLAGS_MINSIZEREL-ADVANCED:INTERNAL=1
//ADVANCED property for variable: CMAKE_Fortran_FLAGS_RELEASE
CMAKE_Fortran_FLAGS_RELEASE-ADVANCED:INTERNAL=1
//ADVANCED property for variable: CMAKE_Fortran_FLAGS_RELWITHDEBINFO
CMAKE_Fortran_FLAGS_RELWITHDEBINFO-ADVANCED:INTERNAL=1
//Name of generator.
CMAKE_GENERATOR:INTERNAL=Ninja
//Generator instance identifier.
CMAKE_GENERATOR_INSTANCE:INTERNAL=
//Name of generator platform.
CMAKE_GENERATOR_PLATFORM:INTERNAL=
//Name of generator toolset.
CMAKE_GENERATOR_TOOLSET:INTERNAL=
//Test CMAKE_HAVE_LIBC_PTHREAD
CMAKE_HAVE_LIBC_PTHREAD:INTERNAL=1
//Source directory with the top level CMakeLists.txt file for this
// project
CMAKE_HOME_DIRECTORY:INTERNAL=/Users/bennington2000super/Documents/5 семестр/Вычматы/labs
//ADVANCED property for variable: CMAKE_INSTALL_BINDIR
CMAKE_INSTALL_BINDIR-ADVANCED:INTERNAL=1
//ADVANCED property for variable: CMAKE_INSTALL_DATADIR
CMAKE_INSTALL_DATADIR-ADVANCED:INTERNAL=1
//ADVANCED property for variable: CMAKE_INSTALL_DATAROOTDIR
CMAKE_INSTALL_DATAROOTDIR-ADVANCED:INTERNAL=1
//ADVANCED property for variable: CMAKE_INSTALL_DOCDIR
CMAKE_INSTALL_DOCDIR-ADVANCED:INTERNAL=1
//ADVANCED property for variable: CMAKE_INSTALL_INCLUDEDIR
CMAKE_INSTALL_INCLUDEDIR-ADVANCED:INTERNAL=1
//ADVANCED property for variable: CMAKE_INSTALL_INFODIR
CMAKE_INSTALL_INFODIR-ADVANCED:INTERNAL=1
//ADVANCED property for variable: CMAKE_INSTALL_LIBDIR
CMAKE_INSTALL_LIBDIR-ADVANCED:INTERNAL=1
//ADVANCED property for variable: CMAKE_INSTALL_LIBEXECDIR
CMAKE_INSTALL_LIBEXECDIR-ADVANCED:INTERNAL=1
//ADVANCED property for variable: CMAKE_INSTALL_LOCALEDIR
CMAKE_INSTALL_LOCALEDIR-ADVANCED:INTERNAL=1
//ADVANCED property for variable: CMAKE_INSTALL_LOCALSTATEDIR
CMAKE_INSTALL_LOCALSTATEDIR-ADVANCED:INTERNAL=1
//ADVANCED property for variable: CMAKE_INSTALL_MANDIR
CMAKE_INSTALL_MANDIR-ADVANCED:INTERNAL=1
//ADVANCED property for variable: CMAKE_INSTALL_NAME_TOOL
CMAKE_INSTALL_NAME_TOOL-ADVANCED:INTERNAL=1
//ADVANCED property for variable: CMAKE_INSTALL_OLDINCLUDEDIR
CMAKE_INSTALL_OLDINCLUDEDIR-ADVANCED:INTERNAL=1
//ADVANCED property for variable: CMAKE_INSTALL_RUNSTATEDIR
CMAKE_INSTALL_RUNSTATEDIR-ADVANCED:INTERNAL=1
//ADVANCED property for variable: CMAKE_INSTALL_SBINDIR
CMAKE_INSTALL_SBINDIR-ADVANCED:INTERNAL=1
//ADVANCED property for variable: CMAKE_INSTALL_SHAREDSTATEDIR
CMAKE_INSTALL_SHAREDSTATEDIR-ADVANCED:INTERNAL=1
//ADVANCED property for variable: CMAKE_INSTALL_SYSCONFDIR
CMAKE_INSTALL_SYSCONFDIR-ADVANCED:INTERNAL=1
//ADVANCED property for variable: CMAKE_LINKER
CMAKE_LINKER-ADVANCED:INTERNAL=1
//ADVANCED property for variable: CMAKE_MODULE_LINKER_FLAGS
CMAKE_MODULE_LINKER_FLAGS-ADVANCED:INTERNAL=1
//ADVANCED property for variable: CMAKE_MODULE_LINKER_FLAGS_DEBUG
CMAKE_MODULE_LINKER_FLAGS_DEBUG-ADVANCED:INTERNAL=1
//ADVANCED property for variable: CMAKE_MODULE_LINKER_FLAGS_MINSIZEREL
CMAKE_MODULE_LINKER_FLAGS_MINSIZEREL-ADVANCED:INTERNAL=1
//ADVANCED property for variable: CMAKE_MODULE_LINKER_FLAGS_RELEASE
CMAKE_MODULE_LINKER_FLAGS_RELEASE-ADVANCED:INTERNAL=1
//ADVANCED property for variable: CMAKE_MODULE_LINKER_FLAGS_RELWITHDEBINFO
CMAKE_MODULE_LINKER_FLAGS_RELWITHDEBINFO-ADVANCED:INTERNAL=1
//ADVANCED property for variable: CMAKE_NM
CMAKE_NM-ADVANCED:INTERNAL=1
//number of local generators
CMAKE_NUMBER_OF_MAKEFILES:INTERNAL=20
//ADVANCED property for variable: CMAKE_OBJCOPY
CMAKE_OBJCOPY-ADVANCED:INTERNAL=1
//ADVANCED property for variable: CMAKE_OBJDUMP
CMAKE_OBJDUMP-ADVANCED:INTERNAL=1
//Platform information initialized
CMAKE_PLATFORM_INFO_INITIALIZED:INTERNAL=1
//ADVANCED property for variable: CMAKE_RANLIB
CMAKE_RANLIB-ADVANCED:INTERNAL=1
//ADVANCED property for variable: CMAKE_READELF
CMAKE_READELF-ADVANCED:INTERNAL=1
//Path to CMake installation.
CMAKE_ROOT:INTERNAL=/Applications/CLion.app/Contents/bin/cmake/mac/aarch64/share/cmake-3.28
//ADVANCED property for variable: CMAKE_SHARED_LINKER_FLAGS
CMAKE_SHARED_LINKER_FLAGS-ADVANCED:INTERNAL=1
//ADVANCED property for variable: CMAKE_SHARED_LINKER_FLAGS_DEBUG
CMAKE_SHARED_LINKER_FLAGS_DEBUG-ADVANCED:INTERNAL=1
//ADVANCED property for variable: CMAKE_SHARED_LINKER_FLAGS_MINSIZEREL
CMAKE_SHARED_LINKER_FLAGS_MINSIZEREL-ADVANCED:INTERNAL=1
//ADVANCED property for variable: CMAKE_SHARED_LINKER_FLAGS_RELEASE
CMAKE_SHARED_LINKER_FLAGS_RELEASE-ADVANCED:INTERNAL=1
//ADVANCED property for variable: CMAKE_SHARED_LINKER_FLAGS_RELWITHDEBINFO
CMAKE_SHARED_LINKER_FLAGS_RELWITHDEBINFO-ADVANCED:INTERNAL=1
//ADVANCED property for variable: CMAKE_SKIP_INSTALL_RPATH
CMAKE_SKIP_INSTALL_RPATH-ADVANCED:INTERNAL=1
//ADVANCED property for variable: CMAKE_SKIP_RPATH
CMAKE_SKIP_RPATH-ADVANCED:INTERNAL=1
//ADVANCED property for variable: CMAKE_STATIC_LINKER_FLAGS
CMAKE_STATIC_LINKER_FLAGS-ADVANCED:INTERNAL=1
//ADVANCED property for variable: CMAKE_STATIC_LINKER_FLAGS_DEBUG
CMAKE_STATIC_LINKER_FLAGS_DEBUG-ADVANCED:INTERNAL=1
//ADVANCED property for variable: CMAKE_STATIC_LINKER_FLAGS_MINSIZEREL
CMAKE_STATIC_LINKER_FLAGS_MINSIZEREL-ADVANCED:INTERNAL=1
//ADVANCED property for variable: CMAKE_STATIC_LINKER_FLAGS_RELEASE
CMAKE_STATIC_LINKER_FLAGS_RELEASE-ADVANCED:INTERNAL=1
//ADVANCED property for variable: CMAKE_STATIC_LINKER_FLAGS_RELWITHDEBINFO
CMAKE_STATIC_LINKER_FLAGS_RELWITHDEBINFO-ADVANCED:INTERNAL=1
//ADVANCED property for variable: CMAKE_STRIP
CMAKE_STRIP-ADVANCED:INTERNAL=1
//ADVANCED property for variable: CMAKE_TAPI
CMAKE_TAPI-ADVANCED:INTERNAL=1
//uname command
CMAKE_UNAME:INTERNAL=/usr/bin/uname
//ADVANCED property for variable: CMAKE_VERBOSE_MAKEFILE
CMAKE_VERBOSE_MAKEFILE-ADVANCED:INTERNAL=1
//Test COMPILER_SUPPORT_FASTMATH
COMPILER_SUPPORT_FASTMATH:INTERNAL=1
//Test COMPILER_SUPPORT_OPENMP
COMPILER_SUPPORT_OPENMP:INTERNAL=1
//Test COMPILER_SUPPORT_Qunusedarguments
COMPILER_SUPPORT_Qunusedarguments:INTERNAL=
//Test COMPILER_SUPPORT_STRICTANSI
COMPILER_SUPPORT_STRICTANSI:INTERNAL=
//Test COMPILER_SUPPORT_WERROR
COMPILER_SUPPORT_WERROR:INTERNAL=1
//Test COMPILER_SUPPORT_Wall
COMPILER_SUPPORT_Wall:INTERNAL=1
//Test COMPILER_SUPPORT_Wcastalign
COMPILER_SUPPORT_Wcastalign:INTERNAL=1
//Test COMPILER_SUPPORT_Wcharsubscripts
COMPILER_SUPPORT_Wcharsubscripts:INTERNAL=1
//Test COMPILER_SUPPORT_Wcpp11extensions
COMPILER_SUPPORT_Wcpp11extensions:INTERNAL=1
//Test COMPILER_SUPPORT_Wdoublepromotion
COMPILER_SUPPORT_Wdoublepromotion:INTERNAL=1
//Test COMPILER_SUPPORT_Wenumconversion
COMPILER_SUPPORT_Wenumconversion:INTERNAL=1
//Test COMPILER_SUPPORT_Wextra
COMPILER_SUPPORT_Wextra:INTERNAL=1
//Test COMPILER_SUPPORT_Wformatsecurity
COMPILER_SUPPORT_Wformatsecurity:INTERNAL=1
//Test COMPILER_SUPPORT_Wlogicalop
COMPILER_SUPPORT_Wlogicalop:INTERNAL=1
//Test COMPILER_SUPPORT_Wnolonglong
COMPILER_SUPPORT_Wnolonglong:INTERNAL=1
//Test COMPILER_SUPPORT_Wnonvirtualdtor
COMPILER_SUPPORT_Wnonvirtualdtor:INTERNAL=1
//Test COMPILER_SUPPORT_Wnopsabi
COMPILER_SUPPORT_Wnopsabi:INTERNAL=1
//Test COMPILER_SUPPORT_Wnovariadicmacros
COMPILER_SUPPORT_Wnovariadicmacros:INTERNAL=1
//Test COMPILER_SUPPORT_Wpointerarith
COMPILER_SUPPORT_Wpointerarith:INTERNAL=1
//Test COMPILER_SUPPORT_Wshadow
COMPILER_SUPPORT_Wshadow:INTERNAL=1
//Test COMPILER_SUPPORT_Wshorten64to32
COMPILER_SUPPORT_Wshorten64to32:INTERNAL=
//Test COMPILER_SUPPORT_Wundef
COMPILER_SUPPORT_Wundef:INTERNAL=1
//Test COMPILER_SUPPORT_Wunusedlocaltypedefs
COMPILER_SUPPORT_Wunusedlocaltypedefs:INTERNAL=1
//Test COMPILER_SUPPORT_Wwritestrings
COMPILER_SUPPORT_Wwritestrings:INTERNAL=1
//Test COMPILER_SUPPORT_ansi
COMPILER_SUPPORT_ansi:INTERNAL=1
//Test COMPILER_SUPPORT_fnochecknew
COMPILER_SUPPORT_fnochecknew:INTERNAL=1
//Test COMPILER_SUPPORT_fnocommon
COMPILER_SUPPORT_fnocommon:INTERNAL=1
//Test COMPILER_SUPPORT_fstrictaliasing
COMPILER_SUPPORT_fstrictaliasing:INTERNAL=1
//Test COMPILER_SUPPORT_pedantic
COMPILER_SUPPORT_pedantic:INTERNAL=1
//Test COMPILER_SUPPORT_std=cpp03
COMPILER_SUPPORT_std=cpp03:INTERNAL=1
//Test COMPILER_SUPPORT_wd2304
COMPILER_SUPPORT_wd2304:INTERNAL=
//Test COMPILER_SUPPORT_wd981
COMPILER_SUPPORT_wd981:INTERNAL=
//ADVANCED property for variable: COVERAGE_COMMAND
COVERAGE_COMMAND-ADVANCED:INTERNAL=1
//ADVANCED property for variable: COVERAGE_EXTRA_FLAGS
COVERAGE_EXTRA_FLAGS-ADVANCED:INTERNAL=1
//ADVANCED property for variable: CTEST_SUBMIT_RETRY_COUNT
CTEST_SUBMIT_RETRY_COUNT-ADVANCED:INTERNAL=1
//ADVANCED property for variable: CTEST_SUBMIT_RETRY_DELAY
CTEST_SUBMIT_RETRY_DELAY-ADVANCED:INTERNAL=1
//ADVANCED property for variable: CUDA_64_BIT_DEVICE_CODE
CUDA_64_BIT_DEVICE_CODE-ADVANCED:INTERNAL=1
//ADVANCED property for variable: CUDA_ATTACH_VS_BUILD_RULE_TO_CUDA_FILE
CUDA_ATTACH_VS_BUILD_RULE_TO_CUDA_FILE-ADVANCED:INTERNAL=1
//ADVANCED property for variable: CUDA_BUILD_CUBIN
CUDA_BUILD_CUBIN-ADVANCED:INTERNAL=1
//ADVANCED property for variable: CUDA_BUILD_EMULATION
CUDA_BUILD_EMULATION-ADVANCED:INTERNAL=1
//ADVANCED property for variable: CUDA_CUDART_LIBRARY
CUDA_CUDART_LIBRARY-ADVANCED:INTERNAL=1
//ADVANCED property for variable: CUDA_CUDA_LIBRARY
CUDA_CUDA_LIBRARY-ADVANCED:INTERNAL=1
//ADVANCED property for variable: CUDA_GENERATED_OUTPUT_DIR
CUDA_GENERATED_OUTPUT_DIR-ADVANCED:INTERNAL=1
//ADVANCED property for variable: CUDA_HOST_COMPILATION_CPP
CUDA_HOST_COMPILATION_CPP-ADVANCED:INTERNAL=1
//ADVANCED property for variable: CUDA_NVCC_EXECUTABLE
CUDA_NVCC_EXECUTABLE-ADVANCED:INTERNAL=1
//ADVANCED property for variable: CUDA_NVCC_FLAGS
CUDA_NVCC_FLAGS-ADVANCED:INTERNAL=1
//ADVANCED property for variable: CUDA_NVCC_FLAGS_DEBUG
CUDA_NVCC_FLAGS_DEBUG-ADVANCED:INTERNAL=1
//ADVANCED property for variable: CUDA_NVCC_FLAGS_MINSIZEREL
CUDA_NVCC_FLAGS_MINSIZEREL-ADVANCED:INTERNAL=1
//ADVANCED property for variable: CUDA_NVCC_FLAGS_RELEASE
CUDA_NVCC_FLAGS_RELEASE-ADVANCED:INTERNAL=1
//ADVANCED property for variable: CUDA_NVCC_FLAGS_RELWITHDEBINFO
CUDA_NVCC_FLAGS_RELWITHDEBINFO-ADVANCED:INTERNAL=1
//ADVANCED property for variable: CUDA_PROPAGATE_HOST_FLAGS
CUDA_PROPAGATE_HOST_FLAGS-ADVANCED:INTERNAL=1
//This is the value of the last time CUDA_SDK_ROOT_DIR was set
// successfully.
CUDA_SDK_ROOT_DIR_INTERNAL:INTERNAL=CUDA_SDK_ROOT_DIR-NOTFOUND
//ADVANCED property for variable: CUDA_SEPARABLE_COMPILATION
CUDA_SEPARABLE_COMPILATION-ADVANCED:INTERNAL=1
//ADVANCED property for variable: CUDA_TOOLKIT_INCLUDE
CUDA_TOOLKIT_INCLUDE-ADVANCED:INTERNAL=1
//This is the value of the last time CUDA_TOOLKIT_ROOT_DIR was
// set successfully.
CUDA_TOOLKIT_ROOT_DIR_INTERNAL:INTERNAL=
//This is the value of the last time CUDA_TOOLKIT_TARGET_DIR was
// set successfully.
CUDA_TOOLKIT_TARGET_DIR_INTERNAL:INTERNAL=
CUDA_USE_STATIC_CUDA_RUNTIME:INTERNAL=OFF
//ADVANCED property for variable: CUDA_VERBOSE_BUILD
CUDA_VERBOSE_BUILD-ADVANCED:INTERNAL=1
//ADVANCED property for variable: CUDA_cublas_LIBRARY
CUDA_cublas_LIBRARY-ADVANCED:INTERNAL=1
//ADVANCED property for variable: CUDA_cublasemu_LIBRARY
CUDA_cublasemu_LIBRARY-ADVANCED:INTERNAL=1
//ADVANCED property for variable: CUDA_cufft_LIBRARY
CUDA_cufft_LIBRARY-ADVANCED:INTERNAL=1
//ADVANCED property for variable: CUDA_cufftemu_LIBRARY
CUDA_cufftemu_LIBRARY-ADVANCED:INTERNAL=1
//Location of make2cmake.cmake
CUDA_make2cmake:INTERNAL=/Applications/CLion.app/Contents/bin/cmake/mac/aarch64/share/cmake-3.28/Modules/FindCUDA/make2cmake.cmake
//Location of parse_cubin.cmake
CUDA_parse_cubin:INTERNAL=/Applications/CLion.app/Contents/bin/cmake/mac/aarch64/share/cmake-3.28/Modules/FindCUDA/parse_cubin.cmake
//Location of run_nvcc.cmake
CUDA_run_nvcc:INTERNAL=/Applications/CLion.app/Contents/bin/cmake/mac/aarch64/share/cmake-3.28/Modules/FindCUDA/run_nvcc.cmake
//ADVANCED property for variable: DART_TESTING_TIMEOUT
DART_TESTING_TIMEOUT-ADVANCED:INTERNAL=1
//Test EIGEN_COMPILER_SUPPORT_CPP11
EIGEN_COMPILER_SUPPORT_CPP11:INTERNAL=1
//ADVANCED property for variable: EIGEN_TEST_EIGEN2
EIGEN_TEST_EIGEN2-ADVANCED:INTERNAL=1
//Details about finding GMP
FIND_PACKAGE_MESSAGE_DETAILS_GMP:INTERNAL=[/opt/homebrew/include][/opt/homebrew/lib/libgmp.dylib][v()]
//Details about finding GTest
FIND_PACKAGE_MESSAGE_DETAILS_GTest:INTERNAL=[/opt/homebrew/lib/cmake/GTest/GTestConfig.cmake][c ][v1.14.0()]
//Details about finding MPFR
FIND_PACKAGE_MESSAGE_DETAILS_MPFR:INTERNAL=[/opt/homebrew/include][/opt/homebrew/lib/libmpfr.dylib][TRUE][v(1.0.0)]
//Details about finding Python
FIND_PACKAGE_MESSAGE_DETAILS_Python:INTERNAL=[/opt/homebrew/Frameworks/Python.framework/Versions/3.13/bin/python3.13][cfound components: Interpreter ][v3.13.0()]
//Details about finding Threads
FIND_PACKAGE_MESSAGE_DETAILS_Threads:INTERNAL=[TRUE][v()]
//ADVANCED property for variable: GMP_INCLUDES
GMP_INCLUDES-ADVANCED:INTERNAL=1
//ADVANCED property for variable: GMP_LIBRARIES
GMP_LIBRARIES-ADVANCED:INTERNAL=1
//ADVANCED property for variable: GOOGLEHASH_INCLUDES
GOOGLEHASH_INCLUDES-ADVANCED:INTERNAL=1
//ADVANCED property for variable: KLU_INCLUDES
KLU_INCLUDES-ADVANCED:INTERNAL=1
//ADVANCED property for variable: KLU_LIBRARIES
KLU_LIBRARIES-ADVANCED:INTERNAL=1
//ADVANCED property for variable: MAKECOMMAND
MAKECOMMAND-ADVANCED:INTERNAL=1
//ADVANCED property for variable: MEMORYCHECK_COMMAND
MEMORYCHECK_COMMAND-ADVANCED:INTERNAL=1
//ADVANCED property for variable: MEMORYCHECK_SUPPRESSIONS_FILE
MEMORYCHECK_SUPPRESSIONS_FILE-ADVANCED:INTERNAL=1
//ADVANCED property for variable: MPFR_INCLUDES
MPFR_INCLUDES-ADVANCED:INTERNAL=1
//ADVANCED property for variable: MPFR_LIBRARIES
MPFR_LIBRARIES-ADVANCED:INTERNAL=1
//ADVANCED property for variable: MPREAL_INCLUDES
MPREAL_INCLUDES-ADVANCED:INTERNAL=1
//ADVANCED property for variable: PASTIX_M_m_LIBRARY
PASTIX_M_m_LIBRARY-ADVANCED:INTERNAL=1
//ADVANCED property for variable: PKG_CONFIG_ARGN
PKG_CONFIG_ARGN-ADVANCED:INTERNAL=1
//ADVANCED property for variable: PKG_CONFIG_EXECUTABLE
PKG_CONFIG_EXECUTABLE-ADVANCED:INTERNAL=1
//ADVANCED property for variable: SITE
SITE-ADVANCED:INTERNAL=1
//ADVANCED property for variable: SPQR_INCLUDES
SPQR_INCLUDES-ADVANCED:INTERNAL=1
//ADVANCED property for variable: SPQR_LIBRARIES
SPQR_LIBRARIES-ADVANCED:INTERNAL=1
//ADVANCED property for variable: SUPERLU_INCLUDES
SUPERLU_INCLUDES-ADVANCED:INTERNAL=1
//ADVANCED property for variable: SUPERLU_LIBRARIES
SUPERLU_LIBRARIES-ADVANCED:INTERNAL=1
//ADVANCED property for variable: UMFPACK_INCLUDES
UMFPACK_INCLUDES-ADVANCED:INTERNAL=1
//ADVANCED property for variable: UMFPACK_LIBRARIES
UMFPACK_LIBRARIES-ADVANCED:INTERNAL=1
//Components requested for this build tree.
_Boost_COMPONENTS_SEARCHED:INTERNAL=
//Last used Boost_INCLUDE_DIR value.
_Boost_INCLUDE_DIR_LAST:INTERNAL=Boost_INCLUDE_DIR-NOTFOUND
//Last used Boost_NAMESPACE value.
_Boost_NAMESPACE_LAST:INTERNAL=boost
//Last used Boost_USE_MULTITHREADED value.
_Boost_USE_MULTITHREADED_LAST:INTERNAL=TRUE
//CMAKE_INSTALL_PREFIX during last run
_GNUInstallDirs_LAST_CMAKE_INSTALL_PREFIX:INTERNAL=/usr/local
//Compiler reason failure
_Python_Compiler_REASON_FAILURE:INTERNAL=
//Development reason failure
_Python_Development_REASON_FAILURE:INTERNAL=
//Path to a program.
_Python_EXECUTABLE:INTERNAL=/opt/homebrew/Frameworks/Python.framework/Versions/3.13/bin/python3.13
//Python Properties
_Python_INTERPRETER_PROPERTIES:INTERNAL=Python;3;13;0;64;32;;cpython-313-darwin;abi3;/opt/homebrew/opt/python@3.13/Frameworks/Python.framework/Versions/3.13/lib/python3.13;/opt/homebrew/opt/python@3.13/Frameworks/Python.framework/Versions/3.13/lib/python3.13;/opt/homebrew/lib/python3.13/site-packages;/opt/homebrew/lib/python3.13/site-packages
_Python_INTERPRETER_SIGNATURE:INTERNAL=7a1f714cc7198cb3c0d06752fabdd0bf
//NumPy reason failure
_Python_NumPy_REASON_FAILURE:INTERNAL=
cmake_package_name:INTERNAL=GTest
generated_dir:INTERNAL=/Users/bennington2000super/Documents/5 семестр/Вычматы/labs/cmake-build-debug/third_party/googletest/googletest/generated
//ADVANCED property for variable: gmock_build_tests
gmock_build_tests-ADVANCED:INTERNAL=1
//ADVANCED property for variable: gtest_build_samples
gtest_build_samples-ADVANCED:INTERNAL=1
//ADVANCED property for variable: gtest_build_tests
gtest_build_tests-ADVANCED:INTERNAL=1
//ADVANCED property for variable: gtest_disable_pthreads
gtest_disable_pthreads-ADVANCED:INTERNAL=1
//ADVANCED property for variable: gtest_force_shared_crt
gtest_force_shared_crt-ADVANCED:INTERNAL=1
//ADVANCED property for variable: gtest_hide_internal_symbols
gtest_hide_internal_symbols-ADVANCED:INTERNAL=1
//Test standard_math_library_linked_to_automatically
standard_math_library_linked_to_automatically:INTERNAL=1
targets_export_name:INTERNAL=GTestTargets

